0 info it worked if it ends with ok
1 verbose cli [ 'C:\\nodejs\\\\node.exe',
1 verbose cli   'C:\\nodejs\\node_modules\\npm\\bin\\npm-cli.js',
1 verbose cli   'install' ]
2 info using npm@1.4.14
3 info using node@v0.10.29
4 verbose node symlink C:\nodejs\\node.exe
5 verbose readDependencies using package.json deps
6 verbose install where, deps [ 'C:\\srv\\www\\ordca',
6 verbose install   [ 'connect',
6 verbose install     'crypto',
6 verbose install     'express',
6 verbose install     'mocha',
6 verbose install     'passport',
6 verbose install     'socket.io',
6 verbose install     'underscore',
6 verbose install     'zmq' ] ]
7 info preinstall ordca@0.0.1
8 warn package.json crypto@0.0.3 crypto is also the name of a node core module.
9 verbose readDependencies using package.json deps
10 verbose already installed skipping connect@^3.0.2 C:\srv\www\ordca
11 verbose already installed skipping crypto@0.0.3 C:\srv\www\ordca
12 verbose already installed skipping express@~4.4.5 C:\srv\www\ordca
13 verbose already installed skipping mocha@^1.20.1 C:\srv\www\ordca
14 verbose already installed skipping passport@~0.2.0 C:\srv\www\ordca
15 verbose already installed skipping socket.io@~0.9.6 C:\srv\www\ordca
16 verbose already installed skipping underscore@^1.6.0 C:\srv\www\ordca
17 verbose cache add [ 'zmq@~2.6.0', null ]
18 verbose cache add name=undefined spec="zmq@~2.6.0" args=["zmq@~2.6.0",null]
19 verbose parsed url { protocol: null,
19 verbose parsed url   slashes: null,
19 verbose parsed url   auth: null,
19 verbose parsed url   host: null,
19 verbose parsed url   port: null,
19 verbose parsed url   hostname: null,
19 verbose parsed url   hash: null,
19 verbose parsed url   search: null,
19 verbose parsed url   query: null,
19 verbose parsed url   pathname: 'zmq@~2.6.0',
19 verbose parsed url   path: 'zmq@~2.6.0',
19 verbose parsed url   href: 'zmq@~2.6.0' }
20 verbose cache add name="zmq" spec="~2.6.0" args=["zmq","~2.6.0"]
21 verbose parsed url { protocol: null,
21 verbose parsed url   slashes: null,
21 verbose parsed url   auth: null,
21 verbose parsed url   host: null,
21 verbose parsed url   port: null,
21 verbose parsed url   hostname: null,
21 verbose parsed url   hash: null,
21 verbose parsed url   search: null,
21 verbose parsed url   query: null,
21 verbose parsed url   pathname: '~2.6.0',
21 verbose parsed url   path: '~2.6.0',
21 verbose parsed url   href: '~2.6.0' }
22 verbose addNamed [ 'zmq', '~2.6.0' ]
23 verbose addNamed [ null, '>=2.6.0-0 <2.7.0-0' ]
24 silly lockFile 5e7d8a01-zmq-2-6-0 zmq@~2.6.0
25 verbose lock zmq@~2.6.0 C:\Users\Imam\AppData\Roaming\npm-cache\5e7d8a01-zmq-2-6-0.lock
26 silly addNameRange { name: 'zmq', range: '>=2.6.0-0 <2.7.0-0', hasData: false }
27 verbose url raw zmq
28 verbose url resolving [ 'https://registry.npmjs.org/', './zmq' ]
29 verbose url resolved https://registry.npmjs.org/zmq
30 info trying registry request attempt 1 at 22:46:25
31 verbose etag "DG8JZWET9MEODCY7VRQNGRQL2"
32 http GET https://registry.npmjs.org/zmq
33 http 304 https://registry.npmjs.org/zmq
34 silly registry.get cb [ 304,
34 silly registry.get   { date: 'Wed, 16 Jul 2014 15:46:22 GMT',
34 silly registry.get     server: 'Apache',
34 silly registry.get     via: '1.1 varnish',
34 silly registry.get     'last-modified': 'Wed, 16 Jul 2014 15:46:22 GMT',
34 silly registry.get     'cache-control': 'max-age=30',
34 silly registry.get     etag: '"DG8JZWET9MEODCY7VRQNGRQL2"',
34 silly registry.get     'x-served-by': 'cache-fra1235-FRA',
34 silly registry.get     'x-cache': 'HIT',
34 silly registry.get     'x-cache-hits': '1',
34 silly registry.get     'x-timer': 'S1405525582.672882,VS0,VE172',
34 silly registry.get     vary: 'Accept',
34 silly registry.get     'content-length': '0',
34 silly registry.get     'keep-alive': 'timeout=10, max=50',
34 silly registry.get     connection: 'Keep-Alive' } ]
35 verbose etag zmq from cache
36 silly addNameRange number 2 { name: 'zmq', range: '>=2.6.0-0 <2.7.0-0', hasData: true }
37 silly addNameRange versions [ 'zmq',
37 silly addNameRange   [ '1.0.0',
37 silly addNameRange     '1.0.1',
37 silly addNameRange     '1.0.2',
37 silly addNameRange     '1.0.3',
37 silly addNameRange     '1.0.4',
37 silly addNameRange     '2.0.0',
37 silly addNameRange     '2.0.1',
37 silly addNameRange     '2.0.2',
37 silly addNameRange     '2.0.3',
37 silly addNameRange     '2.1.0',
37 silly addNameRange     '2.2.0',
37 silly addNameRange     '2.3.0',
37 silly addNameRange     '2.4.0',
37 silly addNameRange     '2.5.0',
37 silly addNameRange     '2.5.1',
37 silly addNameRange     '2.6.0',
37 silly addNameRange     '2.7.0' ] ]
38 verbose addNamed [ 'zmq', '2.6.0' ]
39 verbose addNamed [ '2.6.0', '2.6.0' ]
40 silly lockFile fb182068-zmq-2-6-0 zmq@2.6.0
41 verbose lock zmq@2.6.0 C:\Users\Imam\AppData\Roaming\npm-cache\fb182068-zmq-2-6-0.lock
42 silly lockFile fb182068-zmq-2-6-0 zmq@2.6.0
43 silly lockFile fb182068-zmq-2-6-0 zmq@2.6.0
44 silly lockFile 5e7d8a01-zmq-2-6-0 zmq@~2.6.0
45 silly lockFile 5e7d8a01-zmq-2-6-0 zmq@~2.6.0
46 silly resolved [ { name: 'zmq',
46 silly resolved     version: '2.6.0',
46 silly resolved     description: 'Bindings for node.js to zeromq',
46 silly resolved     main: 'index',
46 silly resolved     repository:
46 silly resolved      { type: 'git',
46 silly resolved        url: 'http://github.com/JustinTulloss/zeromq.node.git' },
46 silly resolved     dependencies: { 'set-immediate': '*', nan: '~0.8.0', bindings: '~1.1.1' },
46 silly resolved     devDependencies: { should: '2.1.x', batch: '*', jade: '*', dox: '*', semver: '*' },
46 silly resolved     engines: { node: '>=0.7.9' },
46 silly resolved     scripts: { test: 'make test', install: 'node-gyp rebuild' },
46 silly resolved     keywords:
46 silly resolved      [ 'zeromq',
46 silly resolved        'zmq',
46 silly resolved        '0mq',
46 silly resolved        'ømq',
46 silly resolved        'libzmq',
46 silly resolved        'native',
46 silly resolved        'binding',
46 silly resolved        'addon' ],
46 silly resolved     author:
46 silly resolved      { name: 'Justin Tulloss',
46 silly resolved        email: 'justin.tulloss@gmail.com',
46 silly resolved        url: 'http://justin.harmonize.fm' },
46 silly resolved     contributors:
46 silly resolved      [ [Object],
46 silly resolved        [Object],
46 silly resolved        [Object],
46 silly resolved        [Object],
46 silly resolved        [Object],
46 silly resolved        [Object],
46 silly resolved        [Object],
46 silly resolved        [Object],
46 silly resolved        [Object],
46 silly resolved        [Object],
46 silly resolved        [Object],
46 silly resolved        [Object],
46 silly resolved        [Object],
46 silly resolved        [Object],
46 silly resolved        [Object],
46 silly resolved        [Object],
46 silly resolved        [Object],
46 silly resolved        [Object],
46 silly resolved        [Object],
46 silly resolved        [Object],
46 silly resolved        [Object],
46 silly resolved        [Object],
46 silly resolved        [Object],
46 silly resolved        [Object],
46 silly resolved        [Object],
46 silly resolved        [Object],
46 silly resolved        [Object],
46 silly resolved        [Object],
46 silly resolved        [Object] ],
46 silly resolved     gypfile: true,
46 silly resolved     bugs: { url: 'https://github.com/JustinTulloss/zeromq.node/issues' },
46 silly resolved     _id: 'zmq@2.6.0',
46 silly resolved     dist:
46 silly resolved      { shasum: 'e4ab48515350fab1b9af521faa681ba23d097a31',
46 silly resolved        tarball: 'http://registry.npmjs.org/zmq/-/zmq-2.6.0.tgz' },
46 silly resolved     _from: 'zmq@~2.6.0',
46 silly resolved     _npmVersion: '1.2.30',
46 silly resolved     _npmUser: { name: 'ronkorving', email: 'ron@ronkorving.nl' },
46 silly resolved     maintainers: [ [Object], [Object], [Object] ],
46 silly resolved     directories: {},
46 silly resolved     _shasum: 'e4ab48515350fab1b9af521faa681ba23d097a31',
46 silly resolved     _resolved: 'https://registry.npmjs.org/zmq/-/zmq-2.6.0.tgz',
46 silly resolved     readme: 'ERROR: No README data found!',
46 silly resolved     homepage: 'https://github.com/JustinTulloss/zeromq.node' } ]
47 info install zmq@2.6.0 into C:\srv\www\ordca
48 info installOne zmq@2.6.0
49 info C:\srv\www\ordca\node_modules\zmq unbuild
50 verbose tar unpack C:\Users\Imam\AppData\Roaming\npm-cache\zmq\2.6.0\package.tgz
51 silly lockFile 13ef0d05-C-srv-www-ordca-node-modules-zmq tar://C:\srv\www\ordca\node_modules\zmq
52 verbose lock tar://C:\srv\www\ordca\node_modules\zmq C:\Users\Imam\AppData\Roaming\npm-cache\13ef0d05-C-srv-www-ordca-node-modules-zmq.lock
53 silly lockFile 94bdf139--npm-cache-zmq-2-6-0-package-tgz tar://C:\Users\Imam\AppData\Roaming\npm-cache\zmq\2.6.0\package.tgz
54 verbose lock tar://C:\Users\Imam\AppData\Roaming\npm-cache\zmq\2.6.0\package.tgz C:\Users\Imam\AppData\Roaming\npm-cache\94bdf139--npm-cache-zmq-2-6-0-package-tgz.lock
55 silly gunzTarPerm modes [ '755', '644' ]
56 silly gunzTarPerm extractEntry package.json
57 silly gunzTarPerm extractEntry .npmignore
58 silly gunzTarPerm extractEntry README.md
59 silly gunzTarPerm extractEntry LICENSE
60 silly gunzTarPerm extractEntry index.js
61 silly gunzTarPerm extractEntry docs/menu.js
62 silly gunzTarPerm extractEntry docs/highlight.js
63 silly gunzTarPerm extractEntry docs/template.jade
64 silly gunzTarPerm extractEntry docs/style.css
65 silly gunzTarPerm extractEntry docs/index.json
66 silly gunzTarPerm extractEntry docs/index.html
67 silly gunzTarPerm extractEntry lib/index.js
68 silly gunzTarPerm extractEntry binding.cc
69 silly gunzTarPerm extractEntry windows/lib/x86/libzmq-v100-mt-3_2_2.lib
70 silly gunzTarPerm extractEntry windows/lib/x86/libzmq-v100-mt-3_2_2.dll
71 silly gunzTarPerm extractEntry windows/lib/x64/libzmq-v100-mt-3_2_2.lib
72 silly gunzTarPerm extractEntry windows/lib/x64/libzmq-v100-mt-3_2_2.dll
73 silly gunzTarPerm extractEntry windows/include/zmq_utils.h
74 silly gunzTarPerm extractEntry windows/include/zmq.h
75 silly gunzTarPerm extractEntry perf/remote_thr.js
76 silly gunzTarPerm extractEntry perf/local_lat.js
77 silly gunzTarPerm extractEntry perf/remote_lat.js
78 silly gunzTarPerm extractEntry perf/local_thr.js
79 silly gunzTarPerm extractEntry Makefile
80 silly gunzTarPerm extractEntry binding.gyp
81 silly gunzTarPerm extractEntry examples/dealer_router.js
82 silly gunzTarPerm extractEntry examples/router_dealer.js
83 silly gunzTarPerm extractEntry examples/rep_req.js
84 silly gunzTarPerm extractEntry examples/rpc.js
85 silly gunzTarPerm extractEntry examples/push_pull.js
86 silly gunzTarPerm extractEntry examples/pub_sub.js
87 silly gunzTarPerm extractEntry examples/req_rep.js
88 silly gunzTarPerm extractEntry examples/workers/worker.js
89 silly gunzTarPerm extractEntry examples/workers/producer.js
90 silly gunzTarPerm extractEntry examples/devices/forwarder.js
91 silly gunzTarPerm extractEntry examples/devices/streamer.js
92 silly gunzTarPerm extractEntry examples/devices/queue.js
93 silly gunzTarPerm extractEntry .travis.yml
94 silly gunzTarPerm extractEntry History.md
95 silly gunzTarPerm extractEntry test/run.js
96 silly gunzTarPerm extractEntry test/test.gc.js
97 silly gunzTarPerm extractEntry test/test.socket.multipart.sndmore.js
98 silly gunzTarPerm extractEntry test/test.socket.unbind.js
99 silly gunzTarPerm extractEntry test/test.socket.events.js
100 silly gunzTarPerm extractEntry test/test.socket.monitor.js
101 silly gunzTarPerm extractEntry test/test.socket.req-rep.js
102 silly gunzTarPerm extractEntry test/test.socket.pub-sub.js
103 silly gunzTarPerm extractEntry test/test.exports.js
104 silly gunzTarPerm extractEntry test/test.socket.pub-sub.filter.js
105 silly gunzTarPerm extractEntry test/test.socket.req-rep.multiple.js
106 silly gunzTarPerm extractEntry test/test.socket.push-pull.js
107 silly gunzTarPerm extractEntry test/test.socket.multipart.message.js
108 silly gunzTarPerm extractEntry test/test.socket.router.unroutable.js
109 silly gunzTarPerm extractEntry test/test.socket.js
110 silly gunzTarPerm extractEntry test/test.socket.messages.js
111 silly lockFile 13ef0d05-C-srv-www-ordca-node-modules-zmq tar://C:\srv\www\ordca\node_modules\zmq
112 silly lockFile 13ef0d05-C-srv-www-ordca-node-modules-zmq tar://C:\srv\www\ordca\node_modules\zmq
113 silly lockFile 94bdf139--npm-cache-zmq-2-6-0-package-tgz tar://C:\Users\Imam\AppData\Roaming\npm-cache\zmq\2.6.0\package.tgz
114 silly lockFile 94bdf139--npm-cache-zmq-2-6-0-package-tgz tar://C:\Users\Imam\AppData\Roaming\npm-cache\zmq\2.6.0\package.tgz
115 info preinstall zmq@2.6.0
116 verbose readDependencies using package.json deps
117 verbose readDependencies using package.json deps
118 verbose cache add [ 'set-immediate@*', null ]
119 verbose cache add name=undefined spec="set-immediate@*" args=["set-immediate@*",null]
120 verbose parsed url { protocol: null,
120 verbose parsed url   slashes: null,
120 verbose parsed url   auth: null,
120 verbose parsed url   host: null,
120 verbose parsed url   port: null,
120 verbose parsed url   hostname: null,
120 verbose parsed url   hash: null,
120 verbose parsed url   search: null,
120 verbose parsed url   query: null,
120 verbose parsed url   pathname: 'set-immediate@*',
120 verbose parsed url   path: 'set-immediate@*',
120 verbose parsed url   href: 'set-immediate@*' }
121 verbose cache add [ 'nan@~0.8.0', null ]
122 verbose cache add name=undefined spec="nan@~0.8.0" args=["nan@~0.8.0",null]
123 verbose parsed url { protocol: null,
123 verbose parsed url   slashes: null,
123 verbose parsed url   auth: null,
123 verbose parsed url   host: null,
123 verbose parsed url   port: null,
123 verbose parsed url   hostname: null,
123 verbose parsed url   hash: null,
123 verbose parsed url   search: null,
123 verbose parsed url   query: null,
123 verbose parsed url   pathname: 'nan@~0.8.0',
123 verbose parsed url   path: 'nan@~0.8.0',
123 verbose parsed url   href: 'nan@~0.8.0' }
124 verbose cache add [ 'bindings@~1.1.1', null ]
125 verbose cache add name=undefined spec="bindings@~1.1.1" args=["bindings@~1.1.1",null]
126 verbose parsed url { protocol: null,
126 verbose parsed url   slashes: null,
126 verbose parsed url   auth: null,
126 verbose parsed url   host: null,
126 verbose parsed url   port: null,
126 verbose parsed url   hostname: null,
126 verbose parsed url   hash: null,
126 verbose parsed url   search: null,
126 verbose parsed url   query: null,
126 verbose parsed url   pathname: 'bindings@~1.1.1',
126 verbose parsed url   path: 'bindings@~1.1.1',
126 verbose parsed url   href: 'bindings@~1.1.1' }
127 verbose cache add name="set-immediate" spec="*" args=["set-immediate","*"]
128 verbose parsed url { protocol: null,
128 verbose parsed url   slashes: null,
128 verbose parsed url   auth: null,
128 verbose parsed url   host: null,
128 verbose parsed url   port: null,
128 verbose parsed url   hostname: null,
128 verbose parsed url   hash: null,
128 verbose parsed url   search: null,
128 verbose parsed url   query: null,
128 verbose parsed url   pathname: '*',
128 verbose parsed url   path: '*',
128 verbose parsed url   href: '*' }
129 verbose addNamed [ 'set-immediate', '*' ]
130 verbose addNamed [ null, '*' ]
131 silly lockFile a359937b-set-immediate set-immediate@*
132 verbose lock set-immediate@* C:\Users\Imam\AppData\Roaming\npm-cache\a359937b-set-immediate.lock
133 verbose cache add name="nan" spec="~0.8.0" args=["nan","~0.8.0"]
134 verbose parsed url { protocol: null,
134 verbose parsed url   slashes: null,
134 verbose parsed url   auth: null,
134 verbose parsed url   host: null,
134 verbose parsed url   port: null,
134 verbose parsed url   hostname: null,
134 verbose parsed url   hash: null,
134 verbose parsed url   search: null,
134 verbose parsed url   query: null,
134 verbose parsed url   pathname: '~0.8.0',
134 verbose parsed url   path: '~0.8.0',
134 verbose parsed url   href: '~0.8.0' }
135 verbose addNamed [ 'nan', '~0.8.0' ]
136 verbose addNamed [ null, '>=0.8.0-0 <0.9.0-0' ]
137 silly lockFile d5ae64ea-nan-0-8-0 nan@~0.8.0
138 verbose lock nan@~0.8.0 C:\Users\Imam\AppData\Roaming\npm-cache\d5ae64ea-nan-0-8-0.lock
139 verbose cache add name="bindings" spec="~1.1.1" args=["bindings","~1.1.1"]
140 verbose parsed url { protocol: null,
140 verbose parsed url   slashes: null,
140 verbose parsed url   auth: null,
140 verbose parsed url   host: null,
140 verbose parsed url   port: null,
140 verbose parsed url   hostname: null,
140 verbose parsed url   hash: null,
140 verbose parsed url   search: null,
140 verbose parsed url   query: null,
140 verbose parsed url   pathname: '~1.1.1',
140 verbose parsed url   path: '~1.1.1',
140 verbose parsed url   href: '~1.1.1' }
141 verbose addNamed [ 'bindings', '~1.1.1' ]
142 verbose addNamed [ null, '>=1.1.1-0 <1.2.0-0' ]
143 silly lockFile cc1512d6-bindings-1-1-1 bindings@~1.1.1
144 verbose lock bindings@~1.1.1 C:\Users\Imam\AppData\Roaming\npm-cache\cc1512d6-bindings-1-1-1.lock
145 silly addNameRange { name: 'nan', range: '>=0.8.0-0 <0.9.0-0', hasData: false }
146 silly addNameRange { name: 'set-immediate', range: '*', hasData: false }
147 silly addNameRange { name: 'bindings', range: '>=1.1.1-0 <1.2.0-0', hasData: false }
148 verbose url raw nan
149 verbose url resolving [ 'https://registry.npmjs.org/', './nan' ]
150 verbose url resolved https://registry.npmjs.org/nan
151 info trying registry request attempt 1 at 22:46:27
152 verbose etag "DS2SGYRH00C3H2FASAKE38WZ4"
153 http GET https://registry.npmjs.org/nan
154 verbose url raw set-immediate
155 verbose url resolving [ 'https://registry.npmjs.org/', './set-immediate' ]
156 verbose url resolved https://registry.npmjs.org/set-immediate
157 info trying registry request attempt 1 at 22:46:27
158 verbose etag "BVM83GQJM40L14YF571B5J1NI"
159 http GET https://registry.npmjs.org/set-immediate
160 verbose url raw bindings
161 verbose url resolving [ 'https://registry.npmjs.org/', './bindings' ]
162 verbose url resolved https://registry.npmjs.org/bindings
163 info trying registry request attempt 1 at 22:46:27
164 verbose etag "HHDEMUMZU8OTS1DUFQCBQQ8Z"
165 http GET https://registry.npmjs.org/bindings
166 http 304 https://registry.npmjs.org/bindings
167 silly registry.get cb [ 304,
167 silly registry.get   { date: 'Wed, 16 Jul 2014 15:46:24 GMT',
167 silly registry.get     server: 'Apache',
167 silly registry.get     via: '1.1 varnish',
167 silly registry.get     'last-modified': 'Wed, 16 Jul 2014 15:41:53 GMT',
167 silly registry.get     'cache-control': 'max-age=30',
167 silly registry.get     etag: '"HHDEMUMZU8OTS1DUFQCBQQ8Z"',
167 silly registry.get     'x-served-by': 'cache-fra1224-FRA',
167 silly registry.get     'x-cache': 'HIT',
167 silly registry.get     'x-cache-hits': '8',
167 silly registry.get     'x-timer': 'S1405525584.689048,VS0,VE0',
167 silly registry.get     vary: 'Accept',
167 silly registry.get     'content-length': '0',
167 silly registry.get     'keep-alive': 'timeout=10, max=50',
167 silly registry.get     connection: 'Keep-Alive' } ]
168 verbose etag bindings from cache
169 silly addNameRange number 2 { name: 'bindings', range: '>=1.1.1-0 <1.2.0-0', hasData: true }
170 silly addNameRange versions [ 'bindings',
170 silly addNameRange   [ '0.0.1',
170 silly addNameRange     '0.1.0',
170 silly addNameRange     '0.1.1',
170 silly addNameRange     '0.2.0',
170 silly addNameRange     '0.2.1',
170 silly addNameRange     '0.2.2',
170 silly addNameRange     '0.2.3',
170 silly addNameRange     '0.2.4',
170 silly addNameRange     '0.3.0',
170 silly addNameRange     '0.4.0',
170 silly addNameRange     '1.0.0',
170 silly addNameRange     '1.1.0',
170 silly addNameRange     '1.1.1',
170 silly addNameRange     '1.2.0',
170 silly addNameRange     '1.2.1' ] ]
171 verbose addNamed [ 'bindings', '1.1.1' ]
172 verbose addNamed [ '1.1.1', '1.1.1' ]
173 silly lockFile 52dd60a7-bindings-1-1-1 bindings@1.1.1
174 verbose lock bindings@1.1.1 C:\Users\Imam\AppData\Roaming\npm-cache\52dd60a7-bindings-1-1-1.lock
175 silly lockFile 52dd60a7-bindings-1-1-1 bindings@1.1.1
176 silly lockFile 52dd60a7-bindings-1-1-1 bindings@1.1.1
177 silly lockFile cc1512d6-bindings-1-1-1 bindings@~1.1.1
178 silly lockFile cc1512d6-bindings-1-1-1 bindings@~1.1.1
179 http 304 https://registry.npmjs.org/set-immediate
180 silly registry.get cb [ 304,
180 silly registry.get   { date: 'Wed, 16 Jul 2014 15:46:24 GMT',
180 silly registry.get     server: 'Apache',
180 silly registry.get     via: '1.1 varnish',
180 silly registry.get     'last-modified': 'Wed, 16 Jul 2014 15:46:24 GMT',
180 silly registry.get     'cache-control': 'max-age=30',
180 silly registry.get     etag: '"BVM83GQJM40L14YF571B5J1NI"',
180 silly registry.get     'x-served-by': 'cache-fra1227-FRA',
180 silly registry.get     'x-cache': 'HIT',
180 silly registry.get     'x-cache-hits': '1',
180 silly registry.get     'x-timer': 'S1405525584.681300,VS0,VE173',
180 silly registry.get     vary: 'Accept',
180 silly registry.get     'content-length': '0',
180 silly registry.get     'keep-alive': 'timeout=10, max=50',
180 silly registry.get     connection: 'Keep-Alive' } ]
181 verbose etag set-immediate from cache
182 silly addNameRange number 2 { name: 'set-immediate', range: '*', hasData: true }
183 silly addNameRange versions [ 'set-immediate', [ '0.1.0', '0.1.1' ] ]
184 verbose addNamed [ 'set-immediate', '0.1.1' ]
185 verbose addNamed [ '0.1.1', '0.1.1' ]
186 silly lockFile 8a3f44b0-set-immediate-0-1-1 set-immediate@0.1.1
187 verbose lock set-immediate@0.1.1 C:\Users\Imam\AppData\Roaming\npm-cache\8a3f44b0-set-immediate-0-1-1.lock
188 silly lockFile 8a3f44b0-set-immediate-0-1-1 set-immediate@0.1.1
189 silly lockFile 8a3f44b0-set-immediate-0-1-1 set-immediate@0.1.1
190 silly lockFile a359937b-set-immediate set-immediate@*
191 silly lockFile a359937b-set-immediate set-immediate@*
192 http 304 https://registry.npmjs.org/nan
193 silly registry.get cb [ 304,
193 silly registry.get   { date: 'Wed, 16 Jul 2014 15:46:24 GMT',
193 silly registry.get     server: 'Apache',
193 silly registry.get     via: '1.1 varnish',
193 silly registry.get     'last-modified': 'Wed, 16 Jul 2014 15:46:24 GMT',
193 silly registry.get     'cache-control': 'max-age=30',
193 silly registry.get     etag: '"DS2SGYRH00C3H2FASAKE38WZ4"',
193 silly registry.get     'x-served-by': 'cache-fra1229-FRA',
193 silly registry.get     'x-cache': 'HIT',
193 silly registry.get     'x-cache-hits': '1',
193 silly registry.get     'x-timer': 'S1405525584.883173,VS0,VE0',
193 silly registry.get     vary: 'Accept',
193 silly registry.get     'content-length': '0',
193 silly registry.get     'keep-alive': 'timeout=10, max=50',
193 silly registry.get     connection: 'Keep-Alive' } ]
194 verbose etag nan from cache
195 silly addNameRange number 2 { name: 'nan', range: '>=0.8.0-0 <0.9.0-0', hasData: true }
196 silly addNameRange versions [ 'nan',
196 silly addNameRange   [ '0.3.0-wip',
196 silly addNameRange     '0.3.0-wip2',
196 silly addNameRange     '0.3.0',
196 silly addNameRange     '0.3.1',
196 silly addNameRange     '0.3.2',
196 silly addNameRange     '0.4.0',
196 silly addNameRange     '0.4.1',
196 silly addNameRange     '0.4.2',
196 silly addNameRange     '0.4.3',
196 silly addNameRange     '0.4.4',
196 silly addNameRange     '0.5.0',
196 silly addNameRange     '0.5.1',
196 silly addNameRange     '0.5.2',
196 silly addNameRange     '0.6.0',
196 silly addNameRange     '0.7.0',
196 silly addNameRange     '0.7.1',
196 silly addNameRange     '0.8.0',
196 silly addNameRange     '1.0.0',
196 silly addNameRange     '1.1.0',
196 silly addNameRange     '1.1.1',
196 silly addNameRange     '1.1.2',
196 silly addNameRange     '1.2.0' ] ]
197 verbose addNamed [ 'nan', '0.8.0' ]
198 verbose addNamed [ '0.8.0', '0.8.0' ]
199 silly lockFile 46761758-nan-0-8-0 nan@0.8.0
200 verbose lock nan@0.8.0 C:\Users\Imam\AppData\Roaming\npm-cache\46761758-nan-0-8-0.lock
201 silly lockFile 46761758-nan-0-8-0 nan@0.8.0
202 silly lockFile 46761758-nan-0-8-0 nan@0.8.0
203 silly lockFile d5ae64ea-nan-0-8-0 nan@~0.8.0
204 silly lockFile d5ae64ea-nan-0-8-0 nan@~0.8.0
205 silly resolved [ { name: 'bindings',
205 silly resolved     description: 'Helper module for loading your native module\'s .node file',
205 silly resolved     keywords: [ 'native', 'addon', 'bindings', 'gyp', 'waf', 'c', 'c++' ],
205 silly resolved     version: '1.1.1',
205 silly resolved     author:
205 silly resolved      { name: 'Nathan Rajlich',
205 silly resolved        email: 'nathan@tootallnate.net',
205 silly resolved        url: 'http://tootallnate.net' },
205 silly resolved     repository:
205 silly resolved      { type: 'git',
205 silly resolved        url: 'git://github.com/TooTallNate/node-bindings.git' },
205 silly resolved     main: './bindings.js',
205 silly resolved     bugs: { url: 'https://github.com/TooTallNate/node-bindings/issues' },
205 silly resolved     _id: 'bindings@1.1.1',
205 silly resolved     dist:
205 silly resolved      { shasum: '951f7ae010302ffc50b265b124032017ed2bf6f3',
205 silly resolved        tarball: 'http://registry.npmjs.org/bindings/-/bindings-1.1.1.tgz' },
205 silly resolved     _from: 'bindings@~1.1.1',
205 silly resolved     _npmVersion: '1.3.2',
205 silly resolved     _npmUser: { name: 'tootallnate', email: 'nathan@tootallnate.net' },
205 silly resolved     maintainers: [ [Object], [Object] ],
205 silly resolved     directories: {},
205 silly resolved     _shasum: '951f7ae010302ffc50b265b124032017ed2bf6f3',
205 silly resolved     _resolved: 'https://registry.npmjs.org/bindings/-/bindings-1.1.1.tgz',
205 silly resolved     readme: 'ERROR: No README data found!',
205 silly resolved     homepage: 'https://github.com/TooTallNate/node-bindings' },
205 silly resolved   { name: 'set-immediate',
205 silly resolved     author: { name: 'Jussi Kalliokoski' },
205 silly resolved     version: '0.1.1',
205 silly resolved     description: 'A shim for the setImmediate API',
205 silly resolved     repository:
205 silly resolved      { type: 'git',
205 silly resolved        url: 'http://github.com/jussi-kalliokoski/setImmediate.js' },
205 silly resolved     engines: { node: '>=0.2.0-0' },
205 silly resolved     licenses: [ [Object] ],
205 silly resolved     bugs: { url: 'http://github.com/jussi-kalliokoski/setImmediate.js/issues' },
205 silly resolved     main: './setImmediate.js',
205 silly resolved     readme: '# setImmediate\n\nA simple and lightweight shim for the setImmediate [W3C Draft](https://dvcs.w3.org/hg/webperf/raw-file/tip/specs/setImmediate/Overview.html) API, for use in any browsers and NodeJS.\n\n## Example usage\n\nYou can include the script any way you want in a browser, in NodeJS environment, it is suggested that you do so by installing ```set-immediate``` from npm, and then including it using ```require(\'set-immediate\')```, preferably before any other dependencies, so that they can use it too (it is injected on the global object for browser < - > node compatibility).\n\n```javascript\n\nsetImmediate(function (foo, bar) {\n\tconsole.log(foo, bar);\n}, [\'foo\', \'bar\']);\n\nvar id = setImmediate(function () {});\n\nclearImmediate(id);\n\n```\n',
205 silly resolved     readmeFilename: 'README.md',
205 silly resolved     _id: 'set-immediate@0.1.1',
205 silly resolved     dist:
205 silly resolved      { shasum: '8986e4a773bf8ec165f24d579107673bfac141de',
205 silly resolved        tarball: 'http://registry.npmjs.org/set-immediate/-/set-immediate-0.1.1.tgz' },
205 silly resolved     _npmVersion: '1.2.0',
205 silly resolved     _npmUser:
205 silly resolved      { name: 'jussi-kalliokoski',
205 silly resolved        email: 'jussi.kalliokoski@gmail.com' },
205 silly resolved     maintainers: [ [Object] ],
205 silly resolved     directories: {},
205 silly resolved     _shasum: '8986e4a773bf8ec165f24d579107673bfac141de',
205 silly resolved     _from: 'set-immediate@*',
205 silly resolved     _resolved: 'https://registry.npmjs.org/set-immediate/-/set-immediate-0.1.1.tgz',
205 silly resolved     homepage: 'https://github.com/jussi-kalliokoski/setImmediate.js' },
205 silly resolved   { name: 'nan',
205 silly resolved     version: '0.8.0',
205 silly resolved     description: 'Native Abstractions for Node.js: C++ header for Node 0.8->0.12 compatibility',
205 silly resolved     main: 'include_dirs.js',
205 silly resolved     repository: { type: 'git', url: 'git://github.com/rvagg/nan.git' },
205 silly resolved     contributors: [ [Object], [Object], [Object], [Object], [Object], [Object] ],
205 silly resolved     license: 'MIT',
205 silly resolved     bugs: { url: 'https://github.com/rvagg/nan/issues' },
205 silly resolved     homepage: 'https://github.com/rvagg/nan',
205 silly resolved     _id: 'nan@0.8.0',
205 silly resolved     dist:
205 silly resolved      { shasum: '022a8fa5e9fe8420964ac1fb3dc94e17f449f5fd',
205 silly resolved        tarball: 'http://registry.npmjs.org/nan/-/nan-0.8.0.tgz' },
205 silly resolved     _from: 'nan@~0.8.0',
205 silly resolved     _npmVersion: '1.3.21',
205 silly resolved     _npmUser: { name: 'rvagg', email: 'rod@vagg.org' },
205 silly resolved     maintainers: [ [Object] ],
205 silly resolved     directories: {},
205 silly resolved     _shasum: '022a8fa5e9fe8420964ac1fb3dc94e17f449f5fd',
205 silly resolved     _resolved: 'https://registry.npmjs.org/nan/-/nan-0.8.0.tgz',
205 silly resolved     readme: 'ERROR: No README data found!' } ]
206 info install bindings@1.1.1 into C:\srv\www\ordca\node_modules\zmq
207 info install set-immediate@0.1.1 into C:\srv\www\ordca\node_modules\zmq
208 info install nan@0.8.0 into C:\srv\www\ordca\node_modules\zmq
209 info installOne bindings@1.1.1
210 info installOne set-immediate@0.1.1
211 info installOne nan@0.8.0
212 info C:\srv\www\ordca\node_modules\zmq\node_modules\bindings unbuild
213 info C:\srv\www\ordca\node_modules\zmq\node_modules\set-immediate unbuild
214 info C:\srv\www\ordca\node_modules\zmq\node_modules\nan unbuild
215 verbose tar unpack C:\Users\Imam\AppData\Roaming\npm-cache\bindings\1.1.1\package.tgz
216 silly lockFile 56251aa3-odules-zmq-node-modules-bindings tar://C:\srv\www\ordca\node_modules\zmq\node_modules\bindings
217 verbose lock tar://C:\srv\www\ordca\node_modules\zmq\node_modules\bindings C:\Users\Imam\AppData\Roaming\npm-cache\56251aa3-odules-zmq-node-modules-bindings.lock
218 silly lockFile ba11255d-cache-bindings-1-1-1-package-tgz tar://C:\Users\Imam\AppData\Roaming\npm-cache\bindings\1.1.1\package.tgz
219 verbose lock tar://C:\Users\Imam\AppData\Roaming\npm-cache\bindings\1.1.1\package.tgz C:\Users\Imam\AppData\Roaming\npm-cache\ba11255d-cache-bindings-1-1-1-package-tgz.lock
220 verbose tar unpack C:\Users\Imam\AppData\Roaming\npm-cache\set-immediate\0.1.1\package.tgz
221 silly lockFile 2901fd44-s-zmq-node-modules-set-immediate tar://C:\srv\www\ordca\node_modules\zmq\node_modules\set-immediate
222 verbose lock tar://C:\srv\www\ordca\node_modules\zmq\node_modules\set-immediate C:\Users\Imam\AppData\Roaming\npm-cache\2901fd44-s-zmq-node-modules-set-immediate.lock
223 silly lockFile 95efd146--set-immediate-0-1-1-package-tgz tar://C:\Users\Imam\AppData\Roaming\npm-cache\set-immediate\0.1.1\package.tgz
224 verbose lock tar://C:\Users\Imam\AppData\Roaming\npm-cache\set-immediate\0.1.1\package.tgz C:\Users\Imam\AppData\Roaming\npm-cache\95efd146--set-immediate-0-1-1-package-tgz.lock
225 verbose tar unpack C:\Users\Imam\AppData\Roaming\npm-cache\nan\0.8.0\package.tgz
226 silly lockFile e0a5669b-ode-modules-zmq-node-modules-nan tar://C:\srv\www\ordca\node_modules\zmq\node_modules\nan
227 verbose lock tar://C:\srv\www\ordca\node_modules\zmq\node_modules\nan C:\Users\Imam\AppData\Roaming\npm-cache\e0a5669b-ode-modules-zmq-node-modules-nan.lock
228 silly lockFile 5c9b43e6--npm-cache-nan-0-8-0-package-tgz tar://C:\Users\Imam\AppData\Roaming\npm-cache\nan\0.8.0\package.tgz
229 verbose lock tar://C:\Users\Imam\AppData\Roaming\npm-cache\nan\0.8.0\package.tgz C:\Users\Imam\AppData\Roaming\npm-cache\5c9b43e6--npm-cache-nan-0-8-0-package-tgz.lock
230 silly gunzTarPerm modes [ '755', '644' ]
231 silly gunzTarPerm modes [ '755', '644' ]
232 silly gunzTarPerm modes [ '755', '644' ]
233 silly gunzTarPerm extractEntry package.json
234 silly gunzTarPerm extractEntry package.json
235 silly gunzTarPerm extractEntry package.json
236 silly gunzTarPerm extractEntry README.md
237 silly gunzTarPerm extractEntry bindings.js
238 silly gunzTarPerm extractEntry README.md
239 silly gunzTarPerm extractEntry LICENSE
240 silly gunzTarPerm extractEntry include_dirs.js
241 silly gunzTarPerm extractEntry .dntrc
242 silly gunzTarPerm extractEntry build/config.gypi
243 silly gunzTarPerm extractEntry nan.h
244 silly gunzTarPerm extractEntry README.md
245 silly gunzTarPerm extractEntry setImmediate.js
246 silly gunzTarPerm extractEntry tests/test.js
247 silly gunzTarPerm extractEntry tests/test.html
248 silly lockFile 56251aa3-odules-zmq-node-modules-bindings tar://C:\srv\www\ordca\node_modules\zmq\node_modules\bindings
249 silly lockFile 56251aa3-odules-zmq-node-modules-bindings tar://C:\srv\www\ordca\node_modules\zmq\node_modules\bindings
250 silly lockFile ba11255d-cache-bindings-1-1-1-package-tgz tar://C:\Users\Imam\AppData\Roaming\npm-cache\bindings\1.1.1\package.tgz
251 silly lockFile ba11255d-cache-bindings-1-1-1-package-tgz tar://C:\Users\Imam\AppData\Roaming\npm-cache\bindings\1.1.1\package.tgz
252 info preinstall bindings@1.1.1
253 verbose readDependencies using package.json deps
254 verbose readDependencies using package.json deps
255 silly resolved []
256 verbose about to build C:\srv\www\ordca\node_modules\zmq\node_modules\bindings
257 info build C:\srv\www\ordca\node_modules\zmq\node_modules\bindings
258 verbose linkStuff [ false,
258 verbose linkStuff   false,
258 verbose linkStuff   false,
258 verbose linkStuff   'C:\\srv\\www\\ordca\\node_modules\\zmq\\node_modules' ]
259 info linkStuff bindings@1.1.1
260 verbose linkBins bindings@1.1.1
261 verbose linkMans bindings@1.1.1
262 verbose rebuildBundles bindings@1.1.1
263 info install bindings@1.1.1
264 info postinstall bindings@1.1.1
265 silly lockFile 2901fd44-s-zmq-node-modules-set-immediate tar://C:\srv\www\ordca\node_modules\zmq\node_modules\set-immediate
266 silly lockFile 2901fd44-s-zmq-node-modules-set-immediate tar://C:\srv\www\ordca\node_modules\zmq\node_modules\set-immediate
267 silly lockFile 95efd146--set-immediate-0-1-1-package-tgz tar://C:\Users\Imam\AppData\Roaming\npm-cache\set-immediate\0.1.1\package.tgz
268 silly lockFile 95efd146--set-immediate-0-1-1-package-tgz tar://C:\Users\Imam\AppData\Roaming\npm-cache\set-immediate\0.1.1\package.tgz
269 info preinstall set-immediate@0.1.1
270 verbose readDependencies using package.json deps
271 verbose readDependencies using package.json deps
272 silly resolved []
273 verbose about to build C:\srv\www\ordca\node_modules\zmq\node_modules\set-immediate
274 info build C:\srv\www\ordca\node_modules\zmq\node_modules\set-immediate
275 verbose linkStuff [ false,
275 verbose linkStuff   false,
275 verbose linkStuff   false,
275 verbose linkStuff   'C:\\srv\\www\\ordca\\node_modules\\zmq\\node_modules' ]
276 info linkStuff set-immediate@0.1.1
277 verbose linkBins set-immediate@0.1.1
278 verbose linkMans set-immediate@0.1.1
279 verbose rebuildBundles set-immediate@0.1.1
280 info install set-immediate@0.1.1
281 info postinstall set-immediate@0.1.1
282 silly lockFile e0a5669b-ode-modules-zmq-node-modules-nan tar://C:\srv\www\ordca\node_modules\zmq\node_modules\nan
283 silly lockFile e0a5669b-ode-modules-zmq-node-modules-nan tar://C:\srv\www\ordca\node_modules\zmq\node_modules\nan
284 silly lockFile 5c9b43e6--npm-cache-nan-0-8-0-package-tgz tar://C:\Users\Imam\AppData\Roaming\npm-cache\nan\0.8.0\package.tgz
285 silly lockFile 5c9b43e6--npm-cache-nan-0-8-0-package-tgz tar://C:\Users\Imam\AppData\Roaming\npm-cache\nan\0.8.0\package.tgz
286 info preinstall nan@0.8.0
287 verbose readDependencies using package.json deps
288 verbose readDependencies using package.json deps
289 silly resolved []
290 verbose about to build C:\srv\www\ordca\node_modules\zmq\node_modules\nan
291 info build C:\srv\www\ordca\node_modules\zmq\node_modules\nan
292 verbose linkStuff [ false,
292 verbose linkStuff   false,
292 verbose linkStuff   false,
292 verbose linkStuff   'C:\\srv\\www\\ordca\\node_modules\\zmq\\node_modules' ]
293 info linkStuff nan@0.8.0
294 verbose linkBins nan@0.8.0
295 verbose linkMans nan@0.8.0
296 verbose rebuildBundles nan@0.8.0
297 info install nan@0.8.0
298 info postinstall nan@0.8.0
299 verbose about to build C:\srv\www\ordca\node_modules\zmq
300 info build C:\srv\www\ordca\node_modules\zmq
301 verbose linkStuff [ false, false, false, 'C:\\srv\\www\\ordca\\node_modules' ]
302 info linkStuff zmq@2.6.0
303 verbose linkBins zmq@2.6.0
304 verbose linkMans zmq@2.6.0
305 verbose rebuildBundles zmq@2.6.0
306 verbose rebuildBundles [ 'bindings', 'nan', 'set-immediate' ]
307 info install zmq@2.6.0
308 verbose unsafe-perm in lifecycle true
309 info zmq@2.6.0 Failed to exec install script
310 info C:\srv\www\ordca\node_modules\zmq unbuild
311 info preuninstall zmq@2.6.0
312 info uninstall zmq@2.6.0
313 verbose true,C:\srv\www\ordca\node_modules,C:\srv\www\ordca\node_modules unbuild zmq@2.6.0
314 info postuninstall zmq@2.6.0
315 error zmq@2.6.0 install: `node-gyp rebuild`
315 error Exit status 1
316 error Failed at the zmq@2.6.0 install script.
316 error This is most likely a problem with the zmq package,
316 error not with npm itself.
316 error Tell the author that this fails on your system:
316 error     node-gyp rebuild
316 error You can get their info via:
316 error     npm owner ls zmq
316 error There is likely additional logging output above.
317 error System Windows_NT 6.1.7601
318 error command "C:\\nodejs\\\\node.exe" "C:\\nodejs\\node_modules\\npm\\bin\\npm-cli.js" "install"
319 error cwd C:\srv\www\ordca
320 error node -v v0.10.29
321 error npm -v 1.4.14
322 error code ELIFECYCLE
323 verbose exit [ 1, true ]
